:clean
:deobfCompileDummyTask
:getVersionJson
:extractUserdev UP-TO-DATE
:downloadClient SKIPPED
:downloadServer SKIPPED
:splitServerJar SKIPPED
:mergeJars SKIPPED
:applyBinaryPatches SKIPPED
:deobfProvidedDummyTask
:extractDependencyATs SKIPPED
:extractMcpData SKIPPED
:extractMcpMappings SKIPPED
:genSrgs SKIPPED
:deobfMcMCP SKIPPED
:sourceApiJava
:compileApiJava UP-TO-DATE
:processApiResources UP-TO-DATE
:apiClasses UP-TO-DATE
:sourceMainJava
:compileJavawarning: [options] bootstrap class path not set in conjunction with -source 1.7
Note: Some input files use or override a deprecated API.
Note: Recompile with -Xlint:deprecation for details.
Note: Some input files use unchecked or unsafe operations.
Note: Recompile with -Xlint:unchecked for details.
1 warning

:processResources
:classes
:jar
:sourceTestJava
:compileTestJava UP-TO-DATE
:processTestResources UP-TO-DATE
:testClasses UP-TO-DATE
:test UP-TO-DATE
:reobfJar
:extractRangemapReplacedMain
/home/cnaude/Dropbox/Development/NetBeansProjects/PurpleIRC-forge-1.10/build/sources/main/java
:retromapReplacedMain
remapping source...
:sourceJar
:assemble
:check UP-TO-DATE
:build

BUILD SUCCESSFUL

Total time: 31.953 secs
